{"C:\\Users\\Jukez\\Desktop\\Veganizer\\src\\actions\\authentication\\Auth.js": {"path":"C:\\Users\\Jukez\\Desktop\\Veganizer\\src\\actions\\authentication\\Auth.js","statementMap":{"0":{"start":{"line":1,"column":42},"end":{"line":1,"column":97}},"1":{"start":{"line":1,"column":98},"end":{"line":1,"column":160}},"2":{"start":{"line":1,"column":160},"end":{"line":1,"column":513}},"3":{"start":{"line":1,"column":529},"end":{"line":1,"column":572}},"4":{"start":{"line":2,"column":29},"end":{"line":2,"column":64}},"5":{"start":{"line":4,"column":18},"end":{"line":4,"column":31}},"6":{"start":{"line":4,"column":32},"end":{"line":4,"column":66}},"7":{"start":{"line":5,"column":23},"end":{"line":5,"column":41}},"8":{"start":{"line":5,"column":42},"end":{"line":5,"column":86}},"9":{"start":{"line":6,"column":23},"end":{"line":6,"column":41}},"10":{"start":{"line":6,"column":42},"end":{"line":6,"column":86}},"11":{"start":{"line":7,"column":17},"end":{"line":7,"column":29}},"12":{"start":{"line":7,"column":30},"end":{"line":7,"column":62}},"13":{"start":{"line":8,"column":25},"end":{"line":8,"column":45}},"14":{"start":{"line":8,"column":46},"end":{"line":8,"column":94}},"15":{"start":{"line":9,"column":24},"end":{"line":9,"column":43}},"16":{"start":{"line":9,"column":44},"end":{"line":9,"column":90}},"17":{"start":{"line":10,"column":20},"end":{"line":10,"column":35}},"18":{"start":{"line":10,"column":36},"end":{"line":10,"column":74}},"19":{"start":{"line":11,"column":23},"end":{"line":11,"column":41}},"20":{"start":{"line":11,"column":42},"end":{"line":11,"column":86}},"21":{"start":{"line":13,"column":17},"end":{"line":26,"column":1}},"22":{"start":{"line":14,"column":2},"end":{"line":25,"column":4}},"23":{"start":{"line":15,"column":4},"end":{"line":15,"column":36}},"24":{"start":{"line":17,"column":4},"end":{"line":24,"column":47}},"25":{"start":{"line":19,"column":6},"end":{"line":22,"column":7}},"26":{"start":{"line":20,"column":8},"end":{"line":21,"column":36}},"27":{"start":{"line":26,"column":2},"end":{"line":26,"column":34}},"28":{"start":{"line":28,"column":22},"end":{"line":33,"column":1}},"29":{"start":{"line":29,"column":2},"end":{"line":31,"column":20}},"30":{"start":{"line":33,"column":2},"end":{"line":33,"column":44}},"31":{"start":{"line":35,"column":16},"end":{"line":43,"column":1}},"32":{"start":{"line":35,"column":54},"end":{"line":35,"column":64}},"33":{"start":{"line":35,"column":76},"end":{"line":35,"column":89}},"34":{"start":{"line":36,"column":2},"end":{"line":42,"column":4}},"35":{"start":{"line":37,"column":4},"end":{"line":37,"column":35}},"36":{"start":{"line":39,"column":4},"end":{"line":41,"column":57}},"37":{"start":{"line":40,"column":26},"end":{"line":40,"column":70}},"38":{"start":{"line":41,"column":23},"end":{"line":41,"column":54}},"39":{"start":{"line":43,"column":2},"end":{"line":43,"column":32}},"40":{"start":{"line":45,"column":19},"end":{"line":50,"column":1}},"41":{"start":{"line":46,"column":2},"end":{"line":48,"column":20}},"42":{"start":{"line":50,"column":2},"end":{"line":50,"column":38}},"43":{"start":{"line":52,"column":21},"end":{"line":54,"column":1}},"44":{"start":{"line":53,"column":2},"end":{"line":53,"column":39}},"45":{"start":{"line":54,"column":2},"end":{"line":54,"column":42}},"46":{"start":{"line":56,"column":22},"end":{"line":61,"column":1}},"47":{"start":{"line":57,"column":2},"end":{"line":59,"column":20}},"48":{"start":{"line":61,"column":2},"end":{"line":61,"column":44}},"49":{"start":{"line":63,"column":23},"end":{"line":70,"column":1}},"50":{"start":{"line":64,"column":2},"end":{"line":66,"column":21}},"51":{"start":{"line":69,"column":2},"end":{"line":69,"column":40}},"52":{"start":{"line":72,"column":20},"end":{"line":74,"column":1}},"53":{"start":{"line":73,"column":2},"end":{"line":73,"column":40}}},"fnMap":{"0":{"name":"createUser","decl":{"start":{"line":13,"column":26},"end":{"line":13,"column":36}},"loc":{"start":{"line":13,"column":64},"end":{"line":26,"column":1}},"line":13},"1":{"name":"(anonymous_1)","decl":{"start":{"line":14,"column":9},"end":{"line":14,"column":10}},"loc":{"start":{"line":14,"column":29},"end":{"line":25,"column":3}},"line":14},"2":{"name":"(anonymous_2)","decl":{"start":{"line":18,"column":9},"end":{"line":18,"column":10}},"loc":{"start":{"line":18,"column":25},"end":{"line":23,"column":5}},"line":18},"3":{"name":"usernameChanged","decl":{"start":{"line":28,"column":31},"end":{"line":28,"column":46}},"loc":{"start":{"line":28,"column":53},"end":{"line":33,"column":1}},"line":28},"4":{"name":"loginUser","decl":{"start":{"line":35,"column":25},"end":{"line":35,"column":34}},"loc":{"start":{"line":35,"column":41},"end":{"line":43,"column":1}},"line":35},"5":{"name":"(anonymous_5)","decl":{"start":{"line":36,"column":9},"end":{"line":36,"column":10}},"loc":{"start":{"line":36,"column":29},"end":{"line":42,"column":3}},"line":36},"6":{"name":"(anonymous_6)","decl":{"start":{"line":40,"column":9},"end":{"line":40,"column":10}},"loc":{"start":{"line":40,"column":25},"end":{"line":40,"column":71}},"line":40},"7":{"name":"(anonymous_7)","decl":{"start":{"line":41,"column":10},"end":{"line":41,"column":11}},"loc":{"start":{"line":41,"column":22},"end":{"line":41,"column":55}},"line":41},"8":{"name":"emailChanged","decl":{"start":{"line":45,"column":28},"end":{"line":45,"column":40}},"loc":{"start":{"line":45,"column":47},"end":{"line":50,"column":1}},"line":45},"9":{"name":"createUserFail","decl":{"start":{"line":52,"column":30},"end":{"line":52,"column":44}},"loc":{"start":{"line":52,"column":55},"end":{"line":54,"column":1}},"line":52},"10":{"name":"passwordChanged","decl":{"start":{"line":56,"column":31},"end":{"line":56,"column":46}},"loc":{"start":{"line":56,"column":53},"end":{"line":61,"column":1}},"line":56},"11":{"name":"loginUserSuccess","decl":{"start":{"line":63,"column":32},"end":{"line":63,"column":48}},"loc":{"start":{"line":63,"column":65},"end":{"line":70,"column":1}},"line":63},"12":{"name":"loginUserFail","decl":{"start":{"line":72,"column":29},"end":{"line":72,"column":42}},"loc":{"start":{"line":72,"column":53},"end":{"line":74,"column":1}},"line":72}},"branchMap":{"0":{"loc":{"start":{"line":19,"column":6},"end":{"line":22,"column":7}},"type":"if","locations":[{"start":{"line":19,"column":6},"end":{"line":22,"column":7}},{"start":{"line":19,"column":6},"end":{"line":22,"column":7}}],"line":19}},"s":{"0":1,"1":1,"2":1,"3":1,"4":1,"5":1,"6":1,"7":1,"8":1,"9":1,"10":1,"11":1,"12":1,"13":1,"14":1,"15":1,"16":1,"17":1,"18":1,"19":1,"20":1,"21":1,"22":0,"23":0,"24":0,"25":0,"26":0,"27":1,"28":1,"29":0,"30":1,"31":1,"32":0,"33":0,"34":0,"35":0,"36":0,"37":0,"38":0,"39":1,"40":1,"41":2,"42":1,"43":1,"44":0,"45":1,"46":1,"47":0,"48":1,"49":1,"50":0,"51":0,"52":1,"53":0},"f":{"0":0,"1":0,"2":0,"3":0,"4":0,"5":0,"6":0,"7":0,"8":2,"9":0,"10":0,"11":0,"12":0},"b":{"0":[0,0]},"_coverageSchema":"43e27e138ebf9cfc5966b082cf9a028302ed4184","hash":"ae8c36986a4d8a8ef4323b4a21110877029a2881"}
,"C:\\Users\\Jukez\\Desktop\\Veganizer\\src\\components\\main\\Main.js": {"path":"C:\\Users\\Jukez\\Desktop\\Veganizer\\src\\components\\main\\Main.js","statementMap":{"0":{"start":{"line":1,"column":42},"end":{"line":1,"column":97}},"1":{"start":{"line":1,"column":128},"end":{"line":1,"column":184}},"2":{"start":{"line":1,"column":185},"end":{"line":1,"column":247}},"3":{"start":{"line":1,"column":247},"end":{"line":1,"column":272}},"4":{"start":{"line":1,"column":295},"end":{"line":1,"column":367}},"5":{"start":{"line":1,"column":388},"end":{"line":1,"column":457}},"6":{"start":{"line":1,"column":492},"end":{"line":1,"column":575}},"7":{"start":{"line":1,"column":599},"end":{"line":1,"column":671}},"8":{"start":{"line":1,"column":689},"end":{"line":1,"column":755}},"9":{"start":{"line":1,"column":769},"end":{"line":1,"column":810}},"10":{"start":{"line":2,"column":19},"end":{"line":2,"column":42}},"11":{"start":{"line":2,"column":62},"end":{"line":2,"column":132}},"12":{"start":{"line":8,"column":19},"end":{"line":10,"column":42}},"13":{"start":{"line":14,"column":7},"end":{"line":30,"column":41}},"14":{"start":{"line":14,"column":30},"end":{"line":14,"column":72}},"15":{"start":{"line":14,"column":89},"end":{"line":14,"column":131}},"16":{"start":{"line":14,"column":131},"end":{"line":14,"column":245}},"17":{"start":{"line":14,"column":246},"end":{"line":30,"column":10}},"18":{"start":{"line":17,"column":6},"end":{"line":26,"column":24}},"19":{"start":{"line":30,"column":10},"end":{"line":30,"column":22}},"20":{"start":{"line":33,"column":0},"end":{"line":33,"column":4}},"21":{"start":{"line":33,"column":5},"end":{"line":33,"column":32}}},"fnMap":{"0":{"name":"(anonymous_0)","decl":{"start":{"line":14,"column":7},"end":{"line":14,"column":8}},"loc":{"start":{"line":14,"column":29},"end":{"line":30,"column":23}},"line":14},"1":{"name":"Main","decl":{"start":{"line":14,"column":81},"end":{"line":14,"column":85}},"loc":{"start":{"line":14,"column":88},"end":{"line":14,"column":246}},"line":14},"2":{"name":"render","decl":{"start":{"line":14,"column":313},"end":{"line":14,"column":319}},"loc":{"start":{"line":16,"column":4},"end":{"line":30,"column":5}},"line":16}},"branchMap":{},"s":{"0":1,"1":1,"2":1,"3":1,"4":1,"5":1,"6":1,"7":1,"8":1,"9":1,"10":1,"11":1,"12":1,"13":1,"14":1,"15":1,"16":1,"17":1,"18":1,"19":1,"20":1,"21":1},"f":{"0":1,"1":1,"2":1},"b":{},"_coverageSchema":"43e27e138ebf9cfc5966b082cf9a028302ed4184","hash":"e1dcdfdeae69b6b4987dfff7ef12e040ad2601a0"}
,"C:\\Users\\Jukez\\Desktop\\Veganizer\\src\\reducers\\index.js": {"path":"C:\\Users\\Jukez\\Desktop\\Veganizer\\src\\reducers\\index.js","statementMap":{"0":{"start":{"line":1,"column":42},"end":{"line":1,"column":97}},"1":{"start":{"line":1,"column":98},"end":{"line":1,"column":160}},"2":{"start":{"line":1,"column":160},"end":{"line":1,"column":185}},"3":{"start":{"line":1,"column":198},"end":{"line":1,"column":214}},"4":{"start":{"line":2,"column":19},"end":{"line":2,"column":82}},"5":{"start":{"line":4,"column":0},"end":{"line":5,"column":31}},"6":{"start":{"line":5,"column":32},"end":{"line":5,"column":59}}},"fnMap":{},"branchMap":{},"s":{"0":1,"1":1,"2":1,"3":1,"4":1,"5":1,"6":1},"f":{},"b":{},"_coverageSchema":"43e27e138ebf9cfc5966b082cf9a028302ed4184","hash":"a4dc169325b8c3a472eaa6293d11307d5f964745"}
,"C:\\Users\\Jukez\\Desktop\\Veganizer\\src\\reducers\\authentication\\AuthReducer.js": {"path":"C:\\Users\\Jukez\\Desktop\\Veganizer\\src\\reducers\\authentication\\AuthReducer.js","statementMap":{"0":{"start":{"line":1,"column":42},"end":{"line":1,"column":97}},"1":{"start":{"line":1,"column":98},"end":{"line":1,"column":160}},"2":{"start":{"line":1,"column":160},"end":{"line":1,"column":185}},"3":{"start":{"line":1,"column":206},"end":{"line":1,"column":276}},"4":{"start":{"line":1,"column":289},"end":{"line":1,"column":333}},"5":{"start":{"line":9,"column":20},"end":{"line":14,"column":18}},"6":{"start":{"line":17,"column":0},"end":{"line":33,"column":1}},"7":{"start":{"line":17,"column":33},"end":{"line":17,"column":114}},"8":{"start":{"line":17,"column":128},"end":{"line":17,"column":175}},"9":{"start":{"line":18,"column":2},"end":{"line":31,"column":53}},"10":{"start":{"line":20,"column":6},"end":{"line":20,"column":79}},"11":{"start":{"line":22,"column":6},"end":{"line":22,"column":82}},"12":{"start":{"line":24,"column":6},"end":{"line":24,"column":82}},"13":{"start":{"line":26,"column":6},"end":{"line":26,"column":48}},"14":{"start":{"line":27,"column":6},"end":{"line":27,"column":93}},"15":{"start":{"line":29,"column":6},"end":{"line":29,"column":119}},"16":{"start":{"line":31,"column":6},"end":{"line":31,"column":52}},"17":{"start":{"line":33,"column":2},"end":{"line":33,"column":29}}},"fnMap":{"0":{"name":"_default","decl":{"start":{"line":17,"column":9},"end":{"line":17,"column":17}},"loc":{"start":{"line":17,"column":20},"end":{"line":33,"column":1}},"line":17}},"branchMap":{"0":{"loc":{"start":{"line":17,"column":33},"end":{"line":17,"column":114}},"type":"cond-expr","locations":[{"start":{"line":17,"column":86},"end":{"line":17,"column":98}},{"start":{"line":17,"column":101},"end":{"line":17,"column":114}}],"line":17},"1":{"loc":{"start":{"line":17,"column":33},"end":{"line":17,"column":83}},"type":"binary-expr","locations":[{"start":{"line":17,"column":33},"end":{"line":17,"column":53}},{"start":{"line":17,"column":57},"end":{"line":17,"column":83}}],"line":17},"2":{"loc":{"start":{"line":17,"column":128},"end":{"line":17,"column":175}},"type":"cond-expr","locations":[{"start":{"line":17,"column":151},"end":{"line":17,"column":163}},{"start":{"line":17,"column":166},"end":{"line":17,"column":175}}],"line":17},"3":{"loc":{"start":{"line":18,"column":2},"end":{"line":31,"column":53}},"type":"switch","locations":[{"start":{"line":19,"column":4},"end":{"line":20,"column":79}},{"start":{"line":21,"column":4},"end":{"line":22,"column":82}},{"start":{"line":23,"column":4},"end":{"line":24,"column":82}},{"start":{"line":25,"column":4},"end":{"line":27,"column":93}},{"start":{"line":28,"column":4},"end":{"line":29,"column":119}},{"start":{"line":30,"column":4},"end":{"line":31,"column":52}}],"line":18}},"s":{"0":1,"1":1,"2":1,"3":1,"4":1,"5":1,"6":1,"7":5,"8":5,"9":5,"10":2,"11":0,"12":0,"13":0,"14":0,"15":0,"16":3,"17":1},"f":{"0":5},"b":{"0":[2,3],"1":[5,5],"2":[5,0],"3":[2,0,0,0,0,3]},"_coverageSchema":"43e27e138ebf9cfc5966b082cf9a028302ed4184","hash":"371f18cae1e38960f1733d37b6a203a8c2aa1622"}
}
