TN:
SF:C:\Users\Jukez\Desktop\Veganizer\src\actions\authentication\Auth.js
FN:13,createUser
FN:14,(anonymous_1)
FN:18,(anonymous_2)
FN:28,usernameChanged
FN:35,loginUser
FN:36,(anonymous_5)
FN:40,(anonymous_6)
FN:41,(anonymous_7)
FN:45,emailChanged
FN:52,createUserFail
FN:56,passwordChanged
FN:63,loginUserSuccess
FN:72,loginUserFail
FNF:13
FNH:1
FNDA:0,createUser
FNDA:0,(anonymous_1)
FNDA:0,(anonymous_2)
FNDA:0,usernameChanged
FNDA:0,loginUser
FNDA:0,(anonymous_5)
FNDA:0,(anonymous_6)
FNDA:0,(anonymous_7)
FNDA:2,emailChanged
FNDA:0,createUserFail
FNDA:0,passwordChanged
FNDA:0,loginUserSuccess
FNDA:0,loginUserFail
DA:1,1
DA:2,1
DA:4,1
DA:5,1
DA:6,1
DA:7,1
DA:8,1
DA:9,1
DA:10,1
DA:11,1
DA:13,1
DA:14,0
DA:15,0
DA:17,0
DA:19,0
DA:20,0
DA:26,1
DA:28,1
DA:29,0
DA:33,1
DA:35,1
DA:36,0
DA:37,0
DA:39,0
DA:40,0
DA:41,0
DA:43,1
DA:45,1
DA:46,2
DA:50,1
DA:52,1
DA:53,0
DA:54,1
DA:56,1
DA:57,0
DA:61,1
DA:63,1
DA:64,0
DA:69,0
DA:72,1
DA:73,0
LF:41
LH:25
BRDA:19,0,0,0
BRDA:19,0,1,0
BRF:2
BRH:0
end_of_record
TN:
SF:C:\Users\Jukez\Desktop\Veganizer\src\components\main\Main.js
FN:14,(anonymous_0)
FN:14,Main
FN:14,render
FNF:3
FNH:3
FNDA:1,(anonymous_0)
FNDA:1,Main
FNDA:1,render
DA:1,1
DA:2,1
DA:8,1
DA:14,1
DA:17,1
DA:30,1
DA:33,1
LF:7
LH:7
BRF:0
BRH:0
end_of_record
TN:
SF:C:\Users\Jukez\Desktop\Veganizer\src\reducers\index.js
FNF:0
FNH:0
DA:1,1
DA:2,1
DA:4,1
DA:5,1
LF:4
LH:4
BRF:0
BRH:0
end_of_record
TN:
SF:C:\Users\Jukez\Desktop\Veganizer\src\reducers\authentication\AuthReducer.js
FN:17,_default
FNF:1
FNH:1
FNDA:5,_default
DA:1,1
DA:9,1
DA:17,5
DA:18,5
DA:20,2
DA:22,0
DA:24,0
DA:26,0
DA:27,0
DA:29,0
DA:31,3
DA:33,1
LF:12
LH:7
BRDA:17,0,0,2
BRDA:17,0,1,3
BRDA:17,1,0,5
BRDA:17,1,1,5
BRDA:17,2,0,5
BRDA:17,2,1,0
BRDA:18,3,0,2
BRDA:18,3,1,0
BRDA:18,3,2,0
BRDA:18,3,3,0
BRDA:18,3,4,0
BRDA:18,3,5,3
BRF:12
BRH:7
end_of_record
